<?xml version="1.0" encoding="UTF-8"?>
<!-- Generated by org.testng.reporters.JUnitReportReporter -->
<testsuite hostname="DESKTOP-02BT5IC" failures="0" tests="6" name="com.testscenarios.CorporateGifting" time="4.002" errors="0" timestamp="2021-05-27T20:17:00 IST" skipped="0">
  <testcase classname="com.testscenarios.CorporateGifting" name="openSite" time="1.838"/>
  <system-out/>
  <testcase classname="com.testscenarios.CorporateGifting" name="selectCorporateCards" time="0.344"/>
  <system-out/>
  <testcase classname="com.testscenarios.CorporateGifting" name="verifyTitleOfGiftpage" time="0.079"/>
  <system-out/>
  <testcase classname="com.testscenarios.CorporateGifting" name="fillForm" time="0.412"/>
  <system-out/>
  <testcase classname="com.testscenarios.CorporateGifting" name="formSubmit" time="0.114"/>
  <system-out/>
  <testcase classname="com.testscenarios.CorporateGifting" name="getErrorMessage" time="1.215"/>
  <system-out/>
</testsuite> <!-- com.testscenarios.CorporateGifting -->
