<?xml version="1.0" encoding="UTF-8"?>
<!-- Generated by org.testng.reporters.JUnitReportReporter -->
<testsuite hostname="DESKTOP-02BT5IC" failures="0" tests="3" name="com.testscenarios.HotelBooking" time="1.426" errors="0" timestamp="2021-05-27T20:17:00 IST" skipped="0">
  <testcase classname="com.testscenarios.HotelBooking" name="selectHotels" time="0.798"/>
  <system-out/>
  <testcase classname="com.testscenarios.HotelBooking" name="verifyTitle" time="0.005"/>
  <system-out/>
  <testcase classname="com.testscenarios.HotelBooking" name="getNoAdults" time="0.623"/>
  <system-out/>
</testsuite> <!-- com.testscenarios.HotelBooking -->
