<?xml version="1.0" encoding="UTF-8"?>
<!-- Generated by org.testng.reporters.JUnitReportReporter -->
<testsuite hostname="DESKTOP-02BT5IC" failures="0" tests="11" name="com.testscenarios.CabBooking" time="5.694" errors="0" timestamp="2021-05-27T20:17:00 IST" skipped="0">
  <testcase classname="com.testscenarios.CabBooking" name="readExcelFile" time="0.469"/>
  <system-out/>
  <testcase classname="com.testscenarios.CabBooking" name="selectCabs" time="1.167"/>
  <system-out/>
  <testcase classname="com.testscenarios.CabBooking" name="verifyTitle" time="0.013"/>
  <system-out/>
  <testcase classname="com.testscenarios.CabBooking" name="selectFromCity" time="0.352"/>
  <system-out/>
  <testcase classname="com.testscenarios.CabBooking" name="selectToCity" time="0.411"/>
  <system-out/>
  <testcase classname="com.testscenarios.CabBooking" name="selectDepartureDate" time="0.176"/>
  <system-out/>
  <testcase classname="com.testscenarios.CabBooking" name="selectTime" time="0.181"/>
  <system-out/>
  <testcase classname="com.testscenarios.CabBooking" name="clickSearchButton" time="1.807"/>
  <system-out/>
  <testcase classname="com.testscenarios.CabBooking" name="selectCabType" time="0.637"/>
  <system-out/>
  <testcase classname="com.testscenarios.CabBooking" name="selectSortByOption" time="0.156"/>
  <system-out/>
  <testcase classname="com.testscenarios.CabBooking" name="getLowestPrice" time="0.325"/>
  <system-out/>
</testsuite> <!-- com.testscenarios.CabBooking -->
